<?xml version="1.0" encoding="UTF-8"?>
<!-- Generated by org.testng.reporters.JUnitXMLReporter -->
<testsuite hostname="DESKTOP-OU0V01B" ignored="0" name="Test" tests="3" failures="0" timestamp="2022-01-24T16:45:40 IST" time="0.063" errors="0">
  <testcase name="@BeforeSuite Configuration" time="0.056" classname="Basepackage.Baseclass">
    <failure type="java.lang.IllegalStateException" message="The driver executable must exist: C:\Chromdriver\chromedriver.exe">
      <![CDATA[java.lang.IllegalStateException: The driver executable must exist: C:\Chromdriver\chromedriver.exe
at org.openqa.selenium.internal.Require$FileStateChecker.isFile(Require.java:315)
at org.openqa.selenium.remote.service.DriverService.checkExecutable(DriverService.java:147)
at org.openqa.selenium.remote.service.DriverService.findExecutable(DriverService.java:142)
at org.openqa.selenium.chrome.ChromeDriverService.access$000(ChromeDriverService.java:38)
at org.openqa.selenium.chrome.ChromeDriverService$Builder.findDefaultExecutable(ChromeDriverService.java:231)
at org.openqa.selenium.remote.service.DriverService$Builder.build(DriverService.java:437)
at org.openqa.selenium.chrome.ChromeDriverService.createDefaultService(ChromeDriverService.java:127)
at org.openqa.selenium.chrome.ChromeDriver.<init>(ChromeDriver.java:46)
at Basepackage.Baseclass.Configuration(Baseclass.java:15)
... Removed 19 stack frames]]>
    </failure>
  </testcase> <!-- @BeforeSuite Configuration -->
  <testcase name="TitleCheck" time="0.0" classname="Tests.Login">
    <skipped/>
  </testcase> <!-- TitleCheck -->
  <testcase name="InvalidLogin" time="0.0" classname="Tests.Login">
    <skipped/>
  </testcase> <!-- InvalidLogin -->
  <testcase name="ValidLogin" time="0.0" classname="Tests.Login">
    <skipped/>
  </testcase> <!-- ValidLogin -->
</testsuite> <!-- Test -->
